/home/maor16-04/Devl/git/deep-article-github/venv/bin/python /home/maor16-04/Devl/git/Deep-Learning-89687/Assignment4/code/train.py
/home/maor16-04/Devl/git/deep-article-github/venv/local/lib/python2.7/site-packages/h5py/__init__.py:36: FutureWarning: Conversion of the second argument of issubdtype from `float` to `np.floating` is deprecated. In future, it will be treated as `np.float64 == np.dtype(float).type`.
  from ._conv import register_converters as _register_converters
[1, 10566] loss: 0.926, epoch time: 46.226
Dev: loss: 0.887, acc: 63.3 %
[2, 10566] loss: 0.691, epoch time: 54.537
Dev: loss: 0.678, acc: 74.0 %
[3, 10566] loss: 0.613, epoch time: 54.574
Dev: loss: 0.610, acc: 76.5 %
[4, 10566] loss: 0.574, epoch time: 54.334
Dev: loss: 0.607, acc: 77.3 %
[5, 10566] loss: 0.547, epoch time: 56.067
Dev: loss: 0.559, acc: 78.8 %
[6, 10566] loss: 0.526, epoch time: 55.650
Dev: loss: 0.585, acc: 78.4 %
[7, 10566] loss: 0.509, epoch time: 54.591
Dev: loss: 0.579, acc: 79.0 %
[8, 10566] loss: 0.495, epoch time: 54.210
Dev: loss: 0.555, acc: 79.9 %
[9, 10566] loss: 0.482, epoch time: 54.886
Dev: loss: 0.534, acc: 80.4 %
[10, 10566] loss: 0.471, epoch time: 55.591
Dev: loss: 0.533, acc: 80.2 %
[11, 10566] loss: 0.461, epoch time: 55.036
Dev: loss: 0.523, acc: 80.5 %
[12, 10566] loss: 0.451, epoch time: 54.551
Dev: loss: 0.524, acc: 80.8 %
[13, 10566] loss: 0.442, epoch time: 54.396
Dev: loss: 0.524, acc: 80.9 %
[14, 10566] loss: 0.433, epoch time: 54.832
Dev: loss: 0.518, acc: 80.8 %
[15, 10566] loss: 0.426, epoch time: 53.977
Dev: loss: 0.524, acc: 80.9 %
[16, 10566] loss: 0.418, epoch time: 55.217
Dev: loss: 0.517, acc: 81.4 %
[17, 10566] loss: 0.411, epoch time: 54.342
Dev: loss: 0.526, acc: 80.8 %
[18, 10566] loss: 0.403, epoch time: 54.700
Dev: loss: 0.531, acc: 81.1 %
[19, 10566] loss: 0.396, epoch time: 75.958
Dev: loss: 0.541, acc: 81.0 %
[20, 10566] loss: 0.389, epoch time: 101.367
Dev: loss: 0.546, acc: 81.4 %
[21, 10566] loss: 0.382, epoch time: 99.902
Dev: loss: 0.537, acc: 81.3 %
[22, 10566] loss: 0.375, epoch time: 99.694
Dev: loss: 0.555, acc: 80.8 %