1 < sent_len <= 10
/home/maor16-04/Devl/git/deep-article-github/venv/bin/python /home/maor16-04/Devl/git/Deep-Learning-89687/Assignment4/code/train.py
/home/maor16-04/Devl/git/deep-article-github/venv/local/lib/python2.7/site-packages/h5py/__init__.py:36: FutureWarning: Conversion of the second argument of issubdtype from `float` to `np.floating` is deprecated. In future, it will be treated as `np.float64 == np.dtype(float).type`.
  from ._conv import register_converters as _register_converters
[1,  3196] loss: 0.928, epoch time: 21.325
Dev: loss: 1.159, acc: 57.5 %
[2,  3196] loss: 0.749, epoch time: 24.812
Dev: loss: 0.778, acc: 68.1 %
[3,  3196] loss: 0.659, epoch time: 24.856
Dev: loss: 0.734, acc: 72.0 %
[4,  3196] loss: 0.602, epoch time: 24.999
Dev: loss: 0.703, acc: 73.1 %
[5,  3196] loss: 0.562, epoch time: 24.773
Dev: loss: 0.695, acc: 74.4 %
[6,  3196] loss: 0.531, epoch time: 24.740
Dev: loss: 0.743, acc: 73.8 %
[7,  3196] loss: 0.501, epoch time: 24.844
Dev: loss: 0.673, acc: 75.5 %
[8,  3196] loss: 0.476, epoch time: 24.838
Dev: loss: 0.695, acc: 75.7 %
[9,  3196] loss: 0.452, epoch time: 24.841
Dev: loss: 0.714, acc: 75.4 %
[10,  3196] loss: 0.429, epoch time: 24.870
Dev: loss: 0.805, acc: 74.9 %
[11,  3196] loss: 0.407, epoch time: 24.841
Dev: loss: 0.720, acc: 75.8 %
[12,  3196] loss: 0.385, epoch time: 24.841
Dev: loss: 0.721, acc: 75.7 %
[13,  3196] loss: 0.363, epoch time: 24.871
Dev: loss: 0.839, acc: 74.2 %
[14,  3196] loss: 0.341, epoch time: 25.453
Dev: loss: 0.872, acc: 73.9 %
[15,  3196] loss: 0.319, epoch time: 24.888
Dev: loss: 0.885, acc: 74.4 %
[16,  3196] loss: 0.298, epoch time: 25.355
Dev: loss: 0.851, acc: 74.4 %